Ecopoints QR Scanner App/android/app/build/intermediates/manifest_merge_blame_file/debug/processDebugMainManifest/manifest-merger-blame-debug-report.txt
1<?xml version="1.0" encoding="utf-8"?>
2<manifest xmlns:android="http://schemas.android.com/apk/res/android"
3    package="com.ecoPoints.App"
4    android:versionCode="1"
5    android:versionName="1.0" >
6
7    <uses-sdk
8        android:minSdkVersion="23"
9        android:targetSdkVersion="35" />
10    <!-- ===== PERMISOS ===== -->
11    <uses-permission android:name="android.permission.INTERNET" />
11-->src\main\AndroidManifest.xml:3:5-67
11-->src\main\AndroidManifest.xml:3:22-64
12
13    <!-- Camera -->
14    <uses-permission android:name="android.permission.CAMERA" />
14-->src\main\AndroidManifest.xml:6:5-65
14-->src\main\AndroidManifest.xml:6:22-62
15    <uses-permission android:name="android.permission.FLASHLIGHT" />
15-->src\main\AndroidManifest.xml:7:5-69
15-->src\main\AndroidManifest.xml:7:22-66
16
17    <uses-feature
17-->src\main\AndroidManifest.xml:8:5-85
18        android:name="android.hardware.camera"
18-->src\main\AndroidManifest.xml:8:19-57
19        android:required="false" />
19-->src\main\AndroidManifest.xml:8:58-82
20    <uses-feature
20-->src\main\AndroidManifest.xml:9:5-95
21        android:name="android.hardware.camera.autofocus"
21-->src\main\AndroidManifest.xml:9:19-67
22        android:required="false" />
22-->src\main\AndroidManifest.xml:9:68-92
23
24    <uses-permission android:name="android.permission.ACCESS_FINE_LOCATION" />
24-->src\main\AndroidManifest.xml:11:5-79
24-->src\main\AndroidManifest.xml:11:22-76
25    <uses-permission android:name="android.permission.ACCESS_COARSE_LOCATION" />
25-->src\main\AndroidManifest.xml:12:5-81
25-->src\main\AndroidManifest.xml:12:22-78
26
27    <uses-feature android:name="android.hardware.location.gps" />
27-->src\main\AndroidManifest.xml:13:5-66
27-->src\main\AndroidManifest.xml:13:19-63
28
29    <uses-permission android:name="android.permission.POST_NOTIFICATIONS" />
29-->src\main\AndroidManifest.xml:15:5-77
29-->src\main\AndroidManifest.xml:15:22-74
30    <uses-permission android:name="android.permission.USE_FULL_SCREEN_INTENT" />
30-->src\main\AndroidManifest.xml:17:5-81
30-->src\main\AndroidManifest.xml:17:22-78
31    <uses-permission
31-->src\main\AndroidManifest.xml:19:5-107
32        android:name="android.permission.READ_EXTERNAL_STORAGE"
32-->src\main\AndroidManifest.xml:19:22-77
33        android:maxSdkVersion="32" />
33-->src\main\AndroidManifest.xml:19:78-104
34    <uses-permission
34-->src\main\AndroidManifest.xml:20:5-108
35        android:name="android.permission.WRITE_EXTERNAL_STORAGE"
35-->src\main\AndroidManifest.xml:20:22-78
36        android:maxSdkVersion="32" />
36-->src\main\AndroidManifest.xml:20:79-105
37
38    <queries>
38-->[:capacitor-camera] AndroidManifest.xml:7:5-11:15
39        <intent>
39-->[:capacitor-camera] AndroidManifest.xml:8:9-10:18
40            <action android:name="android.media.action.IMAGE_CAPTURE" />
40-->[:capacitor-camera] AndroidManifest.xml:9:13-73
40-->[:capacitor-camera] AndroidManifest.xml:9:21-70
41        </intent>
42    </queries>
43
44    <uses-permission android:name="android.permission.RECEIVE_BOOT_COMPLETED" />
44-->[:capacitor-local-notifications] AndroidManifest.xml:7:5-81
44-->[:capacitor-local-notifications] AndroidManifest.xml:7:22-78
45    <uses-permission android:name="android.permission.WAKE_LOCK" />
45-->[:capacitor-local-notifications] AndroidManifest.xml:8:5-68
45-->[:capacitor-local-notifications] AndroidManifest.xml:8:22-65
46    <uses-permission android:name="android.permission.ACCESS_NETWORK_STATE" /> <!-- Required by older versions of Google Play services to create IID tokens -->
46-->[com.google.firebase:firebase-messaging:24.1.0] AndroidManifest.xml:22:5-79
46-->[com.google.firebase:firebase-messaging:24.1.0] AndroidManifest.xml:22:22-76
47    <uses-permission android:name="com.google.android.c2dm.permission.RECEIVE" />
47-->[com.google.firebase:firebase-messaging:24.1.0] AndroidManifest.xml:26:5-82
47-->[com.google.firebase:firebase-messaging:24.1.0] AndroidManifest.xml:26:22-79
48
49    <permission
49-->[androidx.core:core:1.13.1] AndroidManifest.xml:22:5-24:47
50        android:name="com.ecoPoints.App.DYNAMIC_RECEIVER_NOT_EXPORTED_PERMISSION"
50-->[androidx.core:core:1.13.1] AndroidManifest.xml:23:9-81
51        android:protectionLevel="signature" />
51-->[androidx.core:core:1.13.1] AndroidManifest.xml:24:9-44
52
53    <uses-permission android:name="com.ecoPoints.App.DYNAMIC_RECEIVER_NOT_EXPORTED_PERMISSION" />
53-->[androidx.core:core:1.13.1] AndroidManifest.xml:26:5-97
53-->[androidx.core:core:1.13.1] AndroidManifest.xml:26:22-94
54
55    <application
55-->src\main\AndroidManifest.xml:22:5-50:19
56        android:allowBackup="true"
56-->src\main\AndroidManifest.xml:23:9-35
57        android:appComponentFactory="androidx.core.app.CoreComponentFactory"
57-->[androidx.core:core:1.13.1] AndroidManifest.xml:28:18-86
58        android:debuggable="true"
59        android:extractNativeLibs="false"
60        android:icon="@mipmap/ic_launcher"
60-->src\main\AndroidManifest.xml:24:9-43
61        android:label="@string/app_name"
61-->src\main\AndroidManifest.xml:25:9-41
62        android:requestLegacyExternalStorage="true"
62-->src\main\AndroidManifest.xml:28:9-52
63        android:roundIcon="@mipmap/ic_launcher_round"
63-->src\main\AndroidManifest.xml:26:9-54
64        android:supportsRtl="true"
64-->src\main\AndroidManifest.xml:27:9-35
65        android:theme="@style/AppTheme" >
65-->src\main\AndroidManifest.xml:29:9-40
66        <activity
66-->src\main\AndroidManifest.xml:30:9-41:20
67            android:name="com.ecoPoints.App.MainActivity"
67-->src\main\AndroidManifest.xml:32:13-58
68            android:configChanges="orientation|keyboardHidden|keyboard|screenSize|locale|smallestScreenSize|screenLayout|uiMode"
68-->src\main\AndroidManifest.xml:31:13-129
69            android:exported="true"
69-->src\main\AndroidManifest.xml:36:13-36
70            android:label="@string/title_activity_main"
70-->src\main\AndroidManifest.xml:33:13-56
71            android:launchMode="singleTask"
71-->src\main\AndroidManifest.xml:35:13-44
72            android:theme="@style/AppTheme.NoActionBarLaunch" >
72-->src\main\AndroidManifest.xml:34:13-62
73            <intent-filter>
73-->src\main\AndroidManifest.xml:37:13-40:29
74                <action android:name="android.intent.action.MAIN" />
74-->src\main\AndroidManifest.xml:38:17-69
74-->src\main\AndroidManifest.xml:38:25-66
75
76                <category android:name="android.intent.category.LAUNCHER" />
76-->src\main\AndroidManifest.xml:39:17-77
76-->src\main\AndroidManifest.xml:39:27-74
77            </intent-filter>
78        </activity>
79
80        <provider
81            android:name="androidx.core.content.FileProvider"
81-->src\main\AndroidManifest.xml:44:13-62
82            android:authorities="com.ecoPoints.App.fileprovider"
82-->src\main\AndroidManifest.xml:45:13-64
83            android:exported="false"
83-->src\main\AndroidManifest.xml:46:13-37
84            android:grantUriPermissions="true" >
84-->src\main\AndroidManifest.xml:47:13-47
85            <meta-data
85-->src\main\AndroidManifest.xml:48:13-112
86                android:name="android.support.FILE_PROVIDER_PATHS"
86-->src\main\AndroidManifest.xml:48:24-74
87                android:resource="@xml/file_paths" />
87-->src\main\AndroidManifest.xml:48:75-109
88        </provider>
89
90        <receiver android:name="com.capacitorjs.plugins.localnotifications.TimedNotificationPublisher" />
90-->[:capacitor-local-notifications] AndroidManifest.xml:12:9-106
90-->[:capacitor-local-notifications] AndroidManifest.xml:12:19-103
91        <receiver android:name="com.capacitorjs.plugins.localnotifications.NotificationDismissReceiver" />
91-->[:capacitor-local-notifications] AndroidManifest.xml:13:9-107
91-->[:capacitor-local-notifications] AndroidManifest.xml:13:19-104
92        <receiver
92-->[:capacitor-local-notifications] AndroidManifest.xml:14:9-23:20
93            android:name="com.capacitorjs.plugins.localnotifications.LocalNotificationRestoreReceiver"
93-->[:capacitor-local-notifications] AndroidManifest.xml:15:13-103
94            android:directBootAware="true"
94-->[:capacitor-local-notifications] AndroidManifest.xml:16:13-43
95            android:exported="false" >
95-->[:capacitor-local-notifications] AndroidManifest.xml:17:13-37
96            <intent-filter>
96-->[:capacitor-local-notifications] AndroidManifest.xml:18:13-22:29
97                <action android:name="android.intent.action.LOCKED_BOOT_COMPLETED" />
97-->[:capacitor-local-notifications] AndroidManifest.xml:19:17-86
97-->[:capacitor-local-notifications] AndroidManifest.xml:19:25-83
98                <action android:name="android.intent.action.BOOT_COMPLETED" />
98-->[:capacitor-local-notifications] AndroidManifest.xml:20:17-79
98-->[:capacitor-local-notifications] AndroidManifest.xml:20:25-76
99                <action android:name="android.intent.action.QUICKBOOT_POWERON" />
99-->[:capacitor-local-notifications] AndroidManifest.xml:21:17-82
99-->[:capacitor-local-notifications] AndroidManifest.xml:21:25-79
100            </intent-filter>
101        </receiver>
102
103        <service
103-->[:capacitor-push-notifications] AndroidManifest.xml:8:9-14:19
104            android:name="com.capacitorjs.plugins.pushnotifications.MessagingService"
104-->[:capacitor-push-notifications] AndroidManifest.xml:9:13-86
105            android:exported="false" >
105-->[:capacitor-push-notifications] AndroidManifest.xml:10:13-37
106            <intent-filter>
106-->[:capacitor-push-notifications] AndroidManifest.xml:11:13-13:29
107                <action android:name="com.google.firebase.MESSAGING_EVENT" />
107-->[:capacitor-push-notifications] AndroidManifest.xml:12:17-78
107-->[:capacitor-push-notifications] AndroidManifest.xml:12:25-75
108            </intent-filter>
109        </service>
110
111        <receiver
111-->[com.google.firebase:firebase-messaging:24.1.0] AndroidManifest.xml:29:9-40:20
112            android:name="com.google.firebase.iid.FirebaseInstanceIdReceiver"
112-->[com.google.firebase:firebase-messaging:24.1.0] AndroidManifest.xml:30:13-78
113            android:exported="true"
113-->[com.google.firebase:firebase-messaging:24.1.0] AndroidManifest.xml:31:13-36
114            android:permission="com.google.android.c2dm.permission.SEND" >
114-->[com.google.firebase:firebase-messaging:24.1.0] AndroidManifest.xml:32:13-73
115            <intent-filter>
115-->[com.google.firebase:firebase-messaging:24.1.0] AndroidManifest.xml:33:13-35:29
116                <action android:name="com.google.android.c2dm.intent.RECEIVE" />
116-->[com.google.firebase:firebase-messaging:24.1.0] AndroidManifest.xml:34:17-81
116-->[com.google.firebase:firebase-messaging:24.1.0] AndroidManifest.xml:34:25-78
117            </intent-filter>
118
119            <meta-data
119-->[com.google.firebase:firebase-messaging:24.1.0] AndroidManifest.xml:37:13-39:40
120                android:name="com.google.android.gms.cloudmessaging.FINISHED_AFTER_HANDLED"
120-->[com.google.firebase:firebase-messaging:24.1.0] AndroidManifest.xml:38:17-92
121                android:value="true" />
121-->[com.google.firebase:firebase-messaging:24.1.0] AndroidManifest.xml:39:17-37
122        </receiver>
123        <!--
124             FirebaseMessagingService performs security checks at runtime,
125             but set to not exported to explicitly avoid allowing another app to call it.
126        -->
127        <service
127-->[com.google.firebase:firebase-messaging:24.1.0] AndroidManifest.xml:46:9-53:19
128            android:name="com.google.firebase.messaging.FirebaseMessagingService"
128-->[com.google.firebase:firebase-messaging:24.1.0] AndroidManifest.xml:47:13-82
129            android:directBootAware="true"
129-->[com.google.firebase:firebase-messaging:24.1.0] AndroidManifest.xml:48:13-43
130            android:exported="false" >
130-->[com.google.firebase:firebase-messaging:24.1.0] AndroidManifest.xml:49:13-37
131            <intent-filter android:priority="-500" >
131-->[:capacitor-push-notifications] AndroidManifest.xml:11:13-13:29
132                <action android:name="com.google.firebase.MESSAGING_EVENT" />
132-->[:capacitor-push-notifications] AndroidManifest.xml:12:17-78
132-->[:capacitor-push-notifications] AndroidManifest.xml:12:25-75
133            </intent-filter>
134        </service>
135        <service
135-->[com.google.firebase:firebase-messaging:24.1.0] AndroidManifest.xml:54:9-63:19
136            android:name="com.google.firebase.components.ComponentDiscoveryService"
136-->[com.google.firebase:firebase-messaging:24.1.0] AndroidManifest.xml:55:13-84
137            android:directBootAware="true"
137-->[com.google.firebase:firebase-common:21.0.0] AndroidManifest.xml:32:13-43
138            android:exported="false" >
138-->[com.google.firebase:firebase-messaging:24.1.0] AndroidManifest.xml:56:13-37
139            <meta-data
139-->[com.google.firebase:firebase-messaging:24.1.0] AndroidManifest.xml:57:13-59:85
140                android:name="com.google.firebase.components:com.google.firebase.messaging.FirebaseMessagingKtxRegistrar"
140-->[com.google.firebase:firebase-messaging:24.1.0] AndroidManifest.xml:58:17-122
141                android:value="com.google.firebase.components.ComponentRegistrar" />
141-->[com.google.firebase:firebase-messaging:24.1.0] AndroidManifest.xml:59:17-82
142            <meta-data
142-->[com.google.firebase:firebase-messaging:24.1.0] AndroidManifest.xml:60:13-62:85
143                android:name="com.google.firebase.components:com.google.firebase.messaging.FirebaseMessagingRegistrar"
143-->[com.google.firebase:firebase-messaging:24.1.0] AndroidManifest.xml:61:17-119
144                android:value="com.google.firebase.components.ComponentRegistrar" />
144-->[com.google.firebase:firebase-messaging:24.1.0] AndroidManifest.xml:62:17-82
145            <meta-data
145-->[com.google.firebase:firebase-installations:17.2.0] AndroidManifest.xml:15:13-17:85
146                android:name="com.google.firebase.components:com.google.firebase.installations.FirebaseInstallationsKtxRegistrar"
146-->[com.google.firebase:firebase-installations:17.2.0] AndroidManifest.xml:16:17-130
147                android:value="com.google.firebase.components.ComponentRegistrar" />
147-->[com.google.firebase:firebase-installations:17.2.0] AndroidManifest.xml:17:17-82
148            <meta-data
148-->[com.google.firebase:firebase-installations:17.2.0] AndroidManifest.xml:18:13-20:85
149                android:name="com.google.firebase.components:com.google.firebase.installations.FirebaseInstallationsRegistrar"
149-->[com.google.firebase:firebase-installations:17.2.0] AndroidManifest.xml:19:17-127
150                android:value="com.google.firebase.components.ComponentRegistrar" />
150-->[com.google.firebase:firebase-installations:17.2.0] AndroidManifest.xml:20:17-82
151            <meta-data
151-->[com.google.firebase:firebase-common-ktx:21.0.0] AndroidManifest.xml:12:13-14:85
152                android:name="com.google.firebase.components:com.google.firebase.ktx.FirebaseCommonLegacyRegistrar"
152-->[com.google.firebase:firebase-common-ktx:21.0.0] AndroidManifest.xml:13:17-116
153                android:value="com.google.firebase.components.ComponentRegistrar" />
153-->[com.google.firebase:firebase-common-ktx:21.0.0] AndroidManifest.xml:14:17-82
154            <meta-data
154-->[com.google.firebase:firebase-common:21.0.0] AndroidManifest.xml:35:13-37:85
155                android:name="com.google.firebase.components:com.google.firebase.FirebaseCommonKtxRegistrar"
155-->[com.google.firebase:firebase-common:21.0.0] AndroidManifest.xml:36:17-109
156                android:value="com.google.firebase.components.ComponentRegistrar" />
156-->[com.google.firebase:firebase-common:21.0.0] AndroidManifest.xml:37:17-82
157            <meta-data
157-->[com.google.firebase:firebase-datatransport:18.2.0] AndroidManifest.xml:25:13-27:85
158                android:name="com.google.firebase.components:com.google.firebase.datatransport.TransportRegistrar"
158-->[com.google.firebase:firebase-datatransport:18.2.0] AndroidManifest.xml:26:17-115
159                android:value="com.google.firebase.components.ComponentRegistrar" />
159-->[com.google.firebase:firebase-datatransport:18.2.0] AndroidManifest.xml:27:17-82
160        </service>
161
162        <activity
162-->[com.google.android.gms:play-services-base:18.5.0] AndroidManifest.xml:5:9-173
163            android:name="com.google.android.gms.common.api.GoogleApiActivity"
163-->[com.google.android.gms:play-services-base:18.5.0] AndroidManifest.xml:5:19-85
164            android:exported="false"
164-->[com.google.android.gms:play-services-base:18.5.0] AndroidManifest.xml:5:146-170
165            android:theme="@android:style/Theme.Translucent.NoTitleBar" />
165-->[com.google.android.gms:play-services-base:18.5.0] AndroidManifest.xml:5:86-145
166
167        <provider
167-->[com.google.firebase:firebase-common:21.0.0] AndroidManifest.xml:23:9-28:39
168            android:name="com.google.firebase.provider.FirebaseInitProvider"
168-->[com.google.firebase:firebase-common:21.0.0] AndroidManifest.xml:24:13-77
169            android:authorities="com.ecoPoints.App.firebaseinitprovider"
169-->[com.google.firebase:firebase-common:21.0.0] AndroidManifest.xml:25:13-72
170            android:directBootAware="true"
170-->[com.google.firebase:firebase-common:21.0.0] AndroidManifest.xml:26:13-43
171            android:exported="false"
171-->[com.google.firebase:firebase-common:21.0.0] AndroidManifest.xml:27:13-37
172            android:initOrder="100" />
172-->[com.google.firebase:firebase-common:21.0.0] AndroidManifest.xml:28:13-36
173        <provider
173-->[androidx.emoji2:emoji2:1.2.0] AndroidManifest.xml:24:9-32:20
174            android:name="androidx.startup.InitializationProvider"
174-->[androidx.emoji2:emoji2:1.2.0] AndroidManifest.xml:25:13-67
175            android:authorities="com.ecoPoints.App.androidx-startup"
175-->[androidx.emoji2:emoji2:1.2.0] AndroidManifest.xml:26:13-68
176            android:exported="false" >
176-->[androidx.emoji2:emoji2:1.2.0] AndroidManifest.xml:27:13-37
177            <meta-data
177-->[androidx.emoji2:emoji2:1.2.0] AndroidManifest.xml:29:13-31:52
178                android:name="androidx.emoji2.text.EmojiCompatInitializer"
178-->[androidx.emoji2:emoji2:1.2.0] AndroidManifest.xml:30:17-75
179                android:value="androidx.startup" />
179-->[androidx.emoji2:emoji2:1.2.0] AndroidManifest.xml:31:17-49
180            <meta-data
180-->[androidx.lifecycle:lifecycle-process:2.6.2] AndroidManifest.xml:29:13-31:52
181                android:name="androidx.lifecycle.ProcessLifecycleInitializer"
181-->[androidx.lifecycle:lifecycle-process:2.6.2] AndroidManifest.xml:30:17-78
182                android:value="androidx.startup" />
182-->[androidx.lifecycle:lifecycle-process:2.6.2] AndroidManifest.xml:31:17-49
183            <meta-data
183-->[androidx.profileinstaller:profileinstaller:1.3.1] AndroidManifest.xml:29:13-31:52
184                android:name="androidx.profileinstaller.ProfileInstallerInitializer"
184-->[androidx.profileinstaller:profileinstaller:1.3.1] AndroidManifest.xml:30:17-85
185                android:value="androidx.startup" />
185-->[androidx.profileinstaller:profileinstaller:1.3.1] AndroidManifest.xml:31:17-49
186        </provider>
187
188        <meta-data
188-->[com.google.android.gms:play-services-basement:18.4.0] AndroidManifest.xml:6:9-122
189            android:name="com.google.android.gms.version"
189-->[com.google.android.gms:play-services-basement:18.4.0] AndroidManifest.xml:6:20-65
190            android:value="@integer/google_play_services_version" />
190-->[com.google.android.gms:play-services-basement:18.4.0] AndroidManifest.xml:6:66-119
191
192        <receiver
192-->[androidx.profileinstaller:profileinstaller:1.3.1] AndroidManifest.xml:34:9-52:20
193            android:name="androidx.profileinstaller.ProfileInstallReceiver"
193-->[androidx.profileinstaller:profileinstaller:1.3.1] AndroidManifest.xml:35:13-76
194            android:directBootAware="false"
194-->[androidx.profileinstaller:profileinstaller:1.3.1] AndroidManifest.xml:36:13-44
195            android:enabled="true"
195-->[androidx.profileinstaller:profileinstaller:1.3.1] AndroidManifest.xml:37:13-35
196            android:exported="true"
196-->[androidx.profileinstaller:profileinstaller:1.3.1] AndroidManifest.xml:38:13-36
197            android:permission="android.permission.DUMP" >
197-->[androidx.profileinstaller:profileinstaller:1.3.1] AndroidManifest.xml:39:13-57
198            <intent-filter>
198-->[androidx.profileinstaller:profileinstaller:1.3.1] AndroidManifest.xml:40:13-42:29
199                <action android:name="androidx.profileinstaller.action.INSTALL_PROFILE" />
199-->[androidx.profileinstaller:profileinstaller:1.3.1] AndroidManifest.xml:41:17-91
199-->[androidx.profileinstaller:profileinstaller:1.3.1] AndroidManifest.xml:41:25-88
200            </intent-filter>
201            <intent-filter>
201-->[androidx.profileinstaller:profileinstaller:1.3.1] AndroidManifest.xml:43:13-45:29
202                <action android:name="androidx.profileinstaller.action.SKIP_FILE" />
202-->[androidx.profileinstaller:profileinstaller:1.3.1] AndroidManifest.xml:44:17-85
202-->[androidx.profileinstaller:profileinstaller:1.3.1] AndroidManifest.xml:44:25-82
203            </intent-filter>
204            <intent-filter>
204-->[androidx.profileinstaller:profileinstaller:1.3.1] AndroidManifest.xml:46:13-48:29
205                <action android:name="androidx.profileinstaller.action.SAVE_PROFILE" />
205-->[androidx.profileinstaller:profileinstaller:1.3.1] AndroidManifest.xml:47:17-88
205-->[androidx.profileinstaller:profileinstaller:1.3.1] AndroidManifest.xml:47:25-85
206            </intent-filter>
207            <intent-filter>
207-->[androidx.profileinstaller:profileinstaller:1.3.1] AndroidManifest.xml:49:13-51:29
208                <action android:name="androidx.profileinstaller.action.BENCHMARK_OPERATION" />
208-->[androidx.profileinstaller:profileinstaller:1.3.1] AndroidManifest.xml:50:17-95
208-->[androidx.profileinstaller:profileinstaller:1.3.1] AndroidManifest.xml:50:25-92
209            </intent-filter>
210        </receiver>
211
212        <service
212-->[com.google.android.datatransport:transport-backend-cct:3.1.9] AndroidManifest.xml:28:9-34:19
213            android:name="com.google.android.datatransport.runtime.backends.TransportBackendDiscovery"
213-->[com.google.android.datatransport:transport-backend-cct:3.1.9] AndroidManifest.xml:29:13-103
214            android:exported="false" >
214-->[com.google.android.datatransport:transport-backend-cct:3.1.9] AndroidManifest.xml:30:13-37
215            <meta-data
215-->[com.google.android.datatransport:transport-backend-cct:3.1.9] AndroidManifest.xml:31:13-33:39
216                android:name="backend:com.google.android.datatransport.cct.CctBackendFactory"
216-->[com.google.android.datatransport:transport-backend-cct:3.1.9] AndroidManifest.xml:32:17-94
217                android:value="cct" />
217-->[com.google.android.datatransport:transport-backend-cct:3.1.9] AndroidManifest.xml:33:17-36
218        </service>
219        <service
219-->[com.google.android.datatransport:transport-runtime:3.1.9] AndroidManifest.xml:26:9-30:19
220            android:name="com.google.android.datatransport.runtime.scheduling.jobscheduling.JobInfoSchedulerService"
220-->[com.google.android.datatransport:transport-runtime:3.1.9] AndroidManifest.xml:27:13-117
221            android:exported="false"
221-->[com.google.android.datatransport:transport-runtime:3.1.9] AndroidManifest.xml:28:13-37
222            android:permission="android.permission.BIND_JOB_SERVICE" >
222-->[com.google.android.datatransport:transport-runtime:3.1.9] AndroidManifest.xml:29:13-69
223        </service>
224
225        <receiver
225-->[com.google.android.datatransport:transport-runtime:3.1.9] AndroidManifest.xml:32:9-34:40
226            android:name="com.google.android.datatransport.runtime.scheduling.jobscheduling.AlarmManagerSchedulerBroadcastReceiver"
226-->[com.google.android.datatransport:transport-runtime:3.1.9] AndroidManifest.xml:33:13-132
227            android:exported="false" />
227-->[com.google.android.datatransport:transport-runtime:3.1.9] AndroidManifest.xml:34:13-37
228    </application>
229
230</manifest>